

Version:	3.4
CmdLine:	C:\Users\Campbell Suter\Documents\jmonkey\projects\Electronics Simulator\binary\Electronics Simulator.exe --l4j-debug
WOW64:		yes
Working dir:	C:\Users\Campbell Suter\Documents\jmonkey\projects\Electronics Simulator\binary\.
64-bit search:	SOFTWARE\JavaSoft\Java Runtime Environment...
Check:		SOFTWARE\JavaSoft\Java Runtime Environment\1.7
Check launcher:	C:\Program Files\Java\jre7\bin\javaw.exe (OK)
Match:		1.7
Check:		SOFTWARE\JavaSoft\Java Runtime Environment\1.7.0_51
Check launcher:	C:\Program Files\Java\jre7\bin\javaw.exe (OK)
Match:		1.7.0_51
64-bit search:	SOFTWARE\JavaSoft\Java Development Kit...
Check:		SOFTWARE\JavaSoft\Java Development Kit\1.7
Ignore:		1.7
Check:		SOFTWARE\JavaSoft\Java Development Kit\1.7.0_51
Ignore:		1.7.0_51
Runtime used:	1.7.0_51 (64-bit)
Launcher:	C:\Program Files\Java\jre7\bin\javaw.exe
Launcher args:	 -Xnoagent -jar "C:\Users\Campbell Suter\Documents\jmonkey\projects\Electronics Simulator\binary\Electronics Simulator.exe"
Args length:	123/32768 chars
Exit code:	0


Version:	3.4
CmdLine:	C:\Users\Campbell Suter\Documents\jmonkey\projects\Electronics Simulator\binary\Electronics Simulator.exe --l4j-debug
WOW64:		yes
Working dir:	C:\Users\Campbell Suter\Documents\jmonkey\projects\Electronics Simulator\binary\.
64-bit search:	SOFTWARE\JavaSoft\Java Runtime Environment...
Check:		SOFTWARE\JavaSoft\Java Runtime Environment\1.7
Check launcher:	C:\Program Files\Java\jre7\bin\javaw.exe (OK)
Match:		1.7
Check:		SOFTWARE\JavaSoft\Java Runtime Environment\1.7.0_51
Check launcher:	C:\Program Files\Java\jre7\bin\javaw.exe (OK)
Match:		1.7.0_51
64-bit search:	SOFTWARE\JavaSoft\Java Development Kit...
Check:		SOFTWARE\JavaSoft\Java Development Kit\1.7
Ignore:		1.7
Check:		SOFTWARE\JavaSoft\Java Development Kit\1.7.0_51
Ignore:		1.7.0_51
Runtime used:	1.7.0_51 (64-bit)
Add classpath:	.\snakeyaml-1.13.jar
Add classpath:	.\Electronics_Simulator.jar
Launcher:	C:\Program Files\Java\jre7\bin\javaw.exe
Launcher args:	 -Xnoagent -classpath "C:\Users\Campbell Suter\Documents\jmonkey\projects\Electronics Simulator\binary\Electronics Simulator.exe;.\snakeyaml-1.13.jar;.\Electronics_Simulator.jar" simulator.CircuitLauncher
Args length:	204/32768 chars
Exit code:	0


Version:	3.4
CmdLine:	C:\Users\Campbell Suter\Documents\jmonkey\projects\Electronics Simulator\binary\Electronics Simulator.exe --l4j-debug
WOW64:		yes
Working dir:	C:\Users\Campbell Suter\Documents\jmonkey\projects\Electronics Simulator\binary\.
64-bit search:	SOFTWARE\JavaSoft\Java Runtime Environment...
Check:		SOFTWARE\JavaSoft\Java Runtime Environment\1.7
Check launcher:	C:\Program Files\Java\jre7\bin\javaw.exe (OK)
Match:		1.7
Check:		SOFTWARE\JavaSoft\Java Runtime Environment\1.7.0_51
Check launcher:	C:\Program Files\Java\jre7\bin\javaw.exe (OK)
Match:		1.7.0_51
64-bit search:	SOFTWARE\JavaSoft\Java Development Kit...
Check:		SOFTWARE\JavaSoft\Java Development Kit\1.7
Ignore:		1.7
Check:		SOFTWARE\JavaSoft\Java Development Kit\1.7.0_51
Ignore:		1.7.0_51
Runtime used:	1.7.0_51 (64-bit)
Add classpath:	.\snakeyaml-1.13.jar
Add classpath:	.\Electronics_Simulator.jar
Launcher:	C:\Program Files\Java\jre7\bin\javaw.exe
Launcher args:	 -Xnoagent -classpath "C:\Users\Campbell Suter\Documents\jmonkey\projects\Electronics Simulator\binary\Electronics Simulator.exe;.\snakeyaml-1.13.jar;.\Electronics_Simulator.jar" simulator.CircuitLauncher
Args length:	204/32768 chars
Exit code:	0


Version:	3.4
CmdLine:	C:\Users\Campbell Suter\Documents\jmonkey\projects\Electronics Simulator\binary\Electronics Simulator.exe --l4j-debug
WOW64:		yes
Working dir:	C:\Users\Campbell Suter\Documents\jmonkey\projects\Electronics Simulator\binary\.
64-bit search:	SOFTWARE\JavaSoft\Java Runtime Environment...
Check:		SOFTWARE\JavaSoft\Java Runtime Environment\1.7
Check launcher:	C:\Program Files\Java\jre7\bin\javaw.exe (OK)
Match:		1.7
Check:		SOFTWARE\JavaSoft\Java Runtime Environment\1.7.0_51
Check launcher:	C:\Program Files\Java\jre7\bin\javaw.exe (OK)
Match:		1.7.0_51
64-bit search:	SOFTWARE\JavaSoft\Java Development Kit...
Check:		SOFTWARE\JavaSoft\Java Development Kit\1.7
Ignore:		1.7
Check:		SOFTWARE\JavaSoft\Java Development Kit\1.7.0_51
Ignore:		1.7.0_51
Runtime used:	1.7.0_51 (64-bit)
Add classpath:	.\snakeyaml-1.13.jar
Add classpath:	.\Electronics_Simulator.jar
Launcher:	C:\Program Files\Java\jre7\bin\javaw.exe
Launcher args:	 -Xnoagent -classpath "C:\Users\Campbell Suter\Documents\jmonkey\projects\Electronics Simulator\binary\Electronics Simulator.exe;.\snakeyaml-1.13.jar;.\Electronics_Simulator.jar" simulator.CircuitLauncher
Args length:	204/32768 chars
Exit code:	0
